"2025-09-15 16:24:34,047 INFO  [restartedMain] com.cinemax.CineMaxApplication:Starting CineMaxApplication using Java 17.0.14 with PID 24408 (C:\Users\baba\Desktop\cinemax\CineMax\target\classes started by baba in C:\Users\baba\Desktop\cinemax\CineMax)
""2025-09-15 16:24:34,050 INFO  [restartedMain] com.cinemax.CineMaxApplication:No active profile set, falling back to 1 default profile: "default"
""2025-09-15 16:24:34,107 INFO  [restartedMain] org.springframework.boot.devtools.env.DevToolsPropertyDefaultsPostProcessor:Devtools property defaults active! Set 'spring.devtools.add-properties' to 'false' to disable
""2025-09-15 16:24:34,107 INFO  [restartedMain] org.springframework.boot.devtools.env.DevToolsPropertyDefaultsPostProcessor:For additional web related logging consider setting the 'logging.level.web' property to 'DEBUG'
""2025-09-15 16:24:35,452 INFO  [restartedMain] org.springframework.data.repository.config.RepositoryConfigurationDelegate:Bootstrapping Spring Data JPA repositories in DEFAULT mode.
""2025-09-15 16:24:35,487 INFO  [restartedMain] org.springframework.data.repository.config.RepositoryConfigurationDelegate:Finished Spring Data repository scanning in 22 ms. Found 0 JPA repository interfaces.
""2025-09-15 16:24:36,190 INFO  [restartedMain] org.springframework.boot.web.embedded.tomcat.TomcatWebServer:Tomcat initialized with port 8090 (http)
""2025-09-15 16:24:36,206 INFO  [restartedMain] org.apache.catalina.core.StandardService:Starting service [Tomcat]
""2025-09-15 16:24:36,206 INFO  [restartedMain] org.apache.catalina.core.StandardEngine:Starting Servlet engine: [Apache Tomcat/10.1.44]
""2025-09-15 16:24:36,266 INFO  [restartedMain] org.apache.catalina.core.ContainerBase.[Tomcat].[localhost].[/]:Initializing Spring embedded WebApplicationContext
""2025-09-15 16:24:36,266 INFO  [restartedMain] org.springframework.boot.web.servlet.context.ServletWebServerApplicationContext:Root WebApplicationContext: initialization completed in 2158 ms
""2025-09-15 16:24:37,126 INFO  [restartedMain] org.springframework.orm.jpa.persistenceunit.SpringPersistenceUnitInfo:No LoadTimeWeaver setup: ignoring JPA class transformer
""2025-09-15 16:24:37,174 INFO  [restartedMain] com.zaxxer.hikari.HikariDataSource:HikariPool-1 - Starting...
""2025-09-15 16:24:37,432 INFO  [restartedMain] com.zaxxer.hikari.pool.HikariPool:HikariPool-1 - Added connection org.postgresql.jdbc.PgConnection@1872bcca
""2025-09-15 16:24:37,435 INFO  [restartedMain] com.zaxxer.hikari.HikariDataSource:HikariPool-1 - Start completed.
""2025-09-15 16:24:39,340 WARN  [restartedMain] org.hibernate.engine.jdbc.spi.SqlExceptionHelper:SQL Warning Code: 0, SQLState: 00000
""2025-09-15 16:24:39,340 WARN  [restartedMain] org.hibernate.engine.jdbc.spi.SqlExceptionHelper:constraint "uk284o5qk4p7p3slmm4c6rd4m5h" of relation "cinemas" does not exist, skipping
""2025-09-15 16:24:39,344 WARN  [restartedMain] org.hibernate.engine.jdbc.spi.SqlExceptionHelper:SQL Warning Code: 0, SQLState: 00000
""2025-09-15 16:24:39,344 WARN  [restartedMain] org.hibernate.engine.jdbc.spi.SqlExceptionHelper:constraint "uk3xo75bcan34s1o1fldt94skss" of relation "movies" does not exist, skipping
""2025-09-15 16:24:39,347 WARN  [restartedMain] org.hibernate.engine.jdbc.spi.SqlExceptionHelper:SQL Warning Code: 0, SQLState: 00000
""2025-09-15 16:24:39,348 WARN  [restartedMain] org.hibernate.engine.jdbc.spi.SqlExceptionHelper:constraint "uktn96w79tfm5nvvjvvuwu7qy7p" of relation "movies" does not exist, skipping
""2025-09-15 16:24:39,351 WARN  [restartedMain] org.hibernate.engine.jdbc.spi.SqlExceptionHelper:SQL Warning Code: 0, SQLState: 00000
""2025-09-15 16:24:39,351 WARN  [restartedMain] org.hibernate.engine.jdbc.spi.SqlExceptionHelper:constraint "uk7nggx4t0kjjwi9xg06jm2pwft" of relation "payment" does not exist, skipping
""2025-09-15 16:24:39,355 WARN  [restartedMain] org.hibernate.engine.jdbc.spi.SqlExceptionHelper:SQL Warning Code: 0, SQLState: 00000
""2025-09-15 16:24:39,355 WARN  [restartedMain] org.hibernate.engine.jdbc.spi.SqlExceptionHelper:constraint "ukm6m4oxsunysar1ae2354y12m1" of relation "tickets" does not exist, skipping
""2025-09-15 16:24:39,358 WARN  [restartedMain] org.hibernate.engine.jdbc.spi.SqlExceptionHelper:SQL Warning Code: 0, SQLState: 00000
""2025-09-15 16:24:39,359 WARN  [restartedMain] org.hibernate.engine.jdbc.spi.SqlExceptionHelper:constraint "uklnth8w122wgy7grrjlu8hjmuu" of relation "user_role" does not exist, skipping
""2025-09-15 16:24:39,361 WARN  [restartedMain] org.hibernate.engine.jdbc.spi.SqlExceptionHelper:SQL Warning Code: 0, SQLState: 00000
""2025-09-15 16:24:39,362 WARN  [restartedMain] org.hibernate.engine.jdbc.spi.SqlExceptionHelper:constraint "uk6dotkott2kjsp8vw4d0m25fb7" of relation "users" does not exist, skipping
""2025-09-15 16:24:39,366 WARN  [restartedMain] org.hibernate.engine.jdbc.spi.SqlExceptionHelper:SQL Warning Code: 0, SQLState: 00000
""2025-09-15 16:24:39,366 WARN  [restartedMain] org.hibernate.engine.jdbc.spi.SqlExceptionHelper:constraint "uk9q63snka3mdh91as4io72espi" of relation "users" does not exist, skipping
""2025-09-15 16:24:39,403 INFO  [restartedMain] org.springframework.orm.jpa.LocalContainerEntityManagerFactoryBean:Initialized JPA EntityManagerFactory for persistence unit 'default'
""2025-09-15 16:24:40,050 WARN  [restartedMain] org.springframework.boot.autoconfigure.security.servlet.UserDetailsServiceAutoConfiguration:

Using generated security password: 55bbbce2-ab43-429e-9c50-178a486fc92a

This generated password is for development use only. Your security configuration must be updated before running your application in production.

""2025-09-15 16:24:40,059 INFO  [restartedMain] org.springframework.security.config.annotation.authentication.configuration.InitializeUserDetailsBeanManagerConfigurer$InitializeUserDetailsManagerConfigurer:Global AuthenticationManager configured with UserDetailsService bean with name inMemoryUserDetailsManager
""2025-09-15 16:24:40,180 INFO  [restartedMain] org.springframework.boot.actuate.endpoint.web.EndpointLinksResolver:Exposing 1 endpoint beneath base path '/actuator'
""2025-09-15 16:24:40,345 INFO  [restartedMain] org.springframework.boot.devtools.autoconfigure.OptionalLiveReloadServer:LiveReload server is running on port 35729
""2025-09-15 16:24:40,418 INFO  [restartedMain] org.springframework.boot.web.embedded.tomcat.TomcatWebServer:Tomcat started on port 8090 (http) with context path '/'
""2025-09-15 16:24:40,434 INFO  [restartedMain] com.cinemax.CineMaxApplication:Started CineMaxApplication in 7.09 seconds (process running for 7.931)
""2025-09-15 16:25:09,643 INFO  [SpringApplicationShutdownHook] org.springframework.boot.web.embedded.tomcat.GracefulShutdown:Commencing graceful shutdown. Waiting for active requests to complete
""2025-09-15 16:25:09,747 INFO  [tomcat-shutdown] org.springframework.boot.web.embedded.tomcat.GracefulShutdown:Graceful shutdown complete
""2025-09-15 16:25:09,752 INFO  [SpringApplicationShutdownHook] org.springframework.orm.jpa.LocalContainerEntityManagerFactoryBean:Closing JPA EntityManagerFactory for persistence unit 'default'
""2025-09-15 16:25:09,757 INFO  [SpringApplicationShutdownHook] com.zaxxer.hikari.HikariDataSource:HikariPool-1 - Shutdown initiated...
""2025-09-15 16:25:09,759 INFO  [SpringApplicationShutdownHook] com.zaxxer.hikari.HikariDataSource:HikariPool-1 - Shutdown completed.
"